++ pwd
+ BASE_DIR=/mnt/ansible/build-automation
+ source /mnt/ansible/build-automation/build.properties
++ NEW_BUILD_VERSION=1.0.144
++ OLD_BUILD=/mnt/ansible/old-build
++ LATEST_BUILD=/mnt/ansible/latest-build
++ EXTRACTED_BUILD=/mnt/ansible/extracted
++ OLD_BUILD_VERSION=1.0.143
++ OLD_BUILD_NAME=tvault-appliance-1.0.143.ova
++ NEW_BUILD_NAME=tvault-appliance-1.0.144.ova
++ OLD_SOURCE_NETWORK1='Private Network - vmnic0 vmnic2'
++ OLD_SOURCE_NETWORK2='Public Network - vmnic1 vmnic3'
++ NEW_SOURCE_NETWORK1='Private Network'
++ NEW_SOURCE_NETWORK2='Public Network'
++ EXTRACTED_BUILD_NAME=tvault-old.ovf
++ EXTRACTED_BUILD_PATH=/mnt/ansible/extracted/tvault-old.ovf
++ IP1=192.168.3.230
++ NETMASK1=255.255.255.0
++ GATEWAY=192.168.3.1
++ IP2=10.142.117.230
++ NETMASK2=255.255.255.0
++ VI_LOCATOR='vi://administrator@vsphere.local:Password1!@10.142.117.207/TrilioDC3/host/10.142.117.200'
++ DATASTORE=DS1-10-142-117-200
++ BUILD_VM_NAME=tvault-build-vm
++ HOSTNAME=tvault-appliance-1.0.144-1
++ DISK_MODE=thin
++ TARGET_NETWORK1='Private Network - vmnic0 vmnic2'
++ TARGET_NETWORK2='Public Network - vmnic1 vmnic3'
++ EXPORT_VI_LOCATOR='vi://administrator@vsphere.local:Password1!@10.142.117.207/TrilioDC3/vm/tvault-build-vm'
+ rm -rf /mnt/ansible/extracted
+ rm -rf /mnt/ansible/latest-build
+ mkdir /mnt/ansible/latest-build
+ mkdir /mnt/ansible/extracted
+ cd /mnt/ansible/extracted
+ ovftool /mnt/ansible/old-build/tvault-appliance-1.0.143.ova tvault-old.ovf
Opening OVA source: /mnt/ansible/old-build/tvault-appliance-1.0.143.ova
Opening OVF target: tvault-old.ovf
Writing OVF package: tvault-old.ovf
Progress: 1%Progress: 2%Progress: 3%Progress: 4%
Terminate process signal received - aborting operation
Removing temporary objects and files

Removing temporary objects and files
Transfer Failed                       
Error: Execution aborted
Completed with errors
+ sed -i s/1.0.143/1.0.144/ tvault-old.ovf
sed: can't read tvault-old.ovf: No such file or directory
+ sed -i s/tvault-appliance-1.0.143.ova/tvault-appliance-1.0.144.ova/ tvault-old.ovf
sed: can't read tvault-old.ovf: No such file or directory
+ sed -i 's/Private Network - vmnic0 vmnic2/Private Network/' tvault-old.ovf
sed: can't read tvault-old.ovf: No such file or directory
+ sed -i 's/Public Network - vmnic1 vmnic3/Public Network/' tvault-old.ovf
sed: can't read tvault-old.ovf: No such file or directory
++ openssl sha1 tvault-old.ovf
tvault-old.ovf: No such file or directory
+ NEW_HASH=
+ sed -i 's|.*tvault-old.ovf.*||' tvault-old.mf
sed: can't read tvault-old.mf: No such file or directory
./buildTvault.sh: line 9: if[ 2 -ne 0 ]: command not found
./buildTvault.sh: line 10: syntax error near unexpected token `then'
./buildTvault.sh: line 10: `then'
